#
# A fatal error has been detected by the Java Runtime Environment:
#
#  EXCEPTION_ACCESS_VIOLATION (0xc0000005) at pc=0x00007ffad862ec45, pid=14712, tid=18592
#
# JRE version: Java(TM) SE Runtime Environment (17.0.17+8) (build 17.0.17+8-LTS-360)
# Java VM: Java HotSpot(TM) 64-Bit Server VM (17.0.17+8-LTS-360, mixed mode, sharing, tiered, compressed oops, compressed class ptrs, g1 gc, windows-amd64)
# Problematic frame:
# C  [_jpype.cp311-win_amd64.pyd+0x4ec45]
#
# No core dump will be written. Minidumps are not enabled by default on client versions of Windows
#
# If you would like to submit a bug report, please visit:
#   https://bugreport.java.com/bugreport/crash.jsp
# The crash happened outside the Java Virtual Machine in native code.
# See problematic frame for where to report the bug.
#

---------------  S U M M A R Y ------------

Command Line: --enable-native-access=ALL-UNNAMED 

Host: 12th Gen Intel(R) Core(TM) i7-1265U, 12 cores, 31G,  Windows 11 , 64 bit Build 26100 (10.0.26100.8246)
Time: Sun Apr 19 16:39:12 2026 Hora estándar de Argentina elapsed time: 144.244627 seconds (0d 0h 2m 24s)

---------------  T H R E A D  ---------------

Current thread (0x000001d82f31f1a0):  JavaThread "Animation Thread" [_thread_in_native, id=18592, stack(0x000000d477ed0000,0x000000d4780c0000)]

Stack: [0x000000d477ed0000,0x000000d4780c0000],  sp=0x000000d4780b84a0,  free space=1953k
Native frames: (J=compiled Java code, j=interpreted, Vv=VM code, C=native code)
C  [_jpype.cp311-win_amd64.pyd+0x4ec45]
C  [VCRUNTIME140_1.dll+0x1080]
C  [VCRUNTIME140_1.dll+0x2715]
C  [ntdll.dll+0x1211c6]
C  [_jpype.cp311-win_amd64.pyd+0x1b88d]
C  [_jpype.cp311-win_amd64.pyd+0x4f839]
C  [VCRUNTIME140_1.dll+0x1080]
C  [VCRUNTIME140_1.dll+0x2715]
C  [ntdll.dll+0x1211c6]
C  [_jpype.cp311-win_amd64.pyd+0x28fd9]
C  0x000001d7ca4ebf70

Java frames: (J=compiled Java code, j=interpreted, Vv=VM code)
J 1798  org.jpype.proxy.JPypeProxy.hostInvoke(JLjava/lang/String;JJ[J[Ljava/lang/Object;Ljava/lang/Object;)Ljava/lang/Object; (0 bytes) @ 0x000001d7ca4ebed2 [0x000001d7ca4ebe20+0x00000000000000b2]
J 2249 c2 jdk.proxy2.$Proxy6.run_method(Ljava/lang/String;[Ljava/lang/Object;)Z jdk.proxy2 (43 bytes) @ 0x000001d7ca53bb70 [0x000001d7ca53b500+0x0000000000000670]
J 2263 c2 processing.core.PApplet.handleDraw()V (387 bytes) @ 0x000001d7ca54d9a4 [0x000001d7ca54c500+0x00000000000014a4]
J 2262 c2 processing.awt.PSurfaceAWT$9.callDraw()V (18 bytes) @ 0x000001d7ca54add0 [0x000001d7ca54ad80+0x0000000000000050]
j  processing.core.PSurfaceNone$AnimationThread.run()V+57
v  ~StubRoutines::call_stub

siginfo: EXCEPTION_ACCESS_VIOLATION (0xc0000005), writing address 0x0000000000000000


Registers:
RAX=0x0000000000000000, RBX=0x000000d4780b9f00, RCX=0x5ce8a164961b0000, RDX=0x0000000000001940
RSP=0x000000d4780b84a0, RBP=0x000000d4780bcc70, RSI=0x000000d4780ba6c0, RDI=0x000000d4780b92b0
R8 =0x0000000000000001, R9 =0x00000000000000b2, R10=0x1875e5ef5a414952, R11=0x000000000000000b
R12=0x0000000000000000, R13=0x000000d4780b8588, R14=0x00007ffad85e0000, R15=0x000000d4780b9418
RIP=0x00007ffad862ec45, EFLAGS=0x0000000000010246


Register to memory mapping:

RIP=0x00007ffad862ec45 _jpype.cp311-win_amd64.pyd
RAX=0x0 is NULL
RBX=0x000000d4780b9f00 is pointing into the stack for thread: 0x000001d82f31f1a0
RCX=0x5ce8a164961b0000 is an unknown value
RDX=0x0000000000001940 is an unknown value
RSP=0x000000d4780b84a0 is pointing into the stack for thread: 0x000001d82f31f1a0
RBP=0x000000d4780bcc70 is pointing into the stack for thread: 0x000001d82f31f1a0
RSI=0x000000d4780ba6c0 is pointing into the stack for thread: 0x000001d82f31f1a0
RDI=0x000000d4780b92b0 is pointing into the stack for thread: 0x000001d82f31f1a0
R8 =0x0000000000000001 is an unknown value
R9 =0x00000000000000b2 is an unknown value
R10=0x1875e5ef5a414952 is an unknown value
R11=